<?xml version="1.0" encoding="UTF-8"?>
<testsuite xmlns:xsi="http://www.w3.org/2001/XMLSchema-instance" xsi:noNamespaceSchemaLocation="https://maven.apache.org/surefire/maven-surefire-plugin/xsd/surefire-test-report-3.0.xsd" version="3.0" name="by.boitman.database.dao.AccountDaoTest" time="3.086" tests="6" errors="0" skipped="0" failures="0">
  <properties>
[...]
</properties>
  <testcase name="whenFindAllInvoked_ThenAllTheOwnersAreReturned" classname="by.boitman.database.dao.AccountDaoTest" time="0.167">
    <system-out><![CDATA[Hibernate: 
    drop table if exists account cascade 
Hibernate: 
    drop table if exists card cascade 
Hibernate: 
    drop table if exists users cascade 
Hibernate: 
    create table account (
        account_balance float(24) not null,
        created_at date not null,
        id bigint generated by default as identity,
        number_account bigint not null,
        user_id bigint,
        gender varchar(10) not null check (gender in ('MALE','FEMALE')),
        name varchar(50) not null,
        surname varchar(50) not null,
        primary key (id)
    )
Hibernate: 
    create table card (
        card_balance float(24) not null,
        created_at date not null,
        account_id bigint,
        card_number bigint not null,
        id bigint generated by default as identity,
        name varchar(50) not null,
        surname varchar(50) not null,
        primary key (id)
    )
Hibernate: 
    create table users (
        created_at date not null,
        id bigint generated by default as identity,
        gender varchar(10) check (gender in ('MALE','FEMALE')),
        role varchar(10) check (role in ('USER','ADMIN')),
        contact varchar(30) not null,
        email varchar(50) not null unique,
        name varchar(50) not null,
        password varchar(50) not null,
        surname varchar(50) not null,
        primary key (id)
    )
Hibernate: 
    alter table if exists account 
       add constraint FKra7xoi9wtlcq07tmoxxe5jrh4 
       foreign key (user_id) 
       references users
Hibernate: 
    alter table if exists card 
       add constraint FK8v67eys6tqflsm6hrdgru2phu 
       foreign key (account_id) 
       references account
Hibernate: 
    insert 
    into
        users
        (contact,created_at,email,gender,name,password,role,surname,id) 
    values
        (?,?,?,?,?,?,?,?,default)
Hibernate: 
    insert 
    into
        account
        (account_balance,created_at,gender,number_account,name,surname,user_id,id) 
    values
        (?,?,?,?,?,?,?,default)
Hibernate: 
    insert 
    into
        account
        (account_balance,created_at,gender,number_account,name,surname,user_id,id) 
    values
        (?,?,?,?,?,?,?,default)
Hibernate: 
    insert 
    into
        card
        (account_id,card_balance,card_number,created_at,name,surname,id) 
    values
        (?,?,?,?,?,?,default)
Hibernate: 
    insert 
    into
        card
        (account_id,card_balance,card_number,created_at,name,surname,id) 
    values
        (?,?,?,?,?,?,default)
Hibernate: 
    insert 
    into
        users
        (contact,created_at,email,gender,name,password,role,surname,id) 
    values
        (?,?,?,?,?,?,?,?,default)
Hibernate: 
    update
        account 
    set
        account_balance=?,
        created_at=?,
        gender=?,
        number_account=?,
        name=?,
        surname=?,
        user_id=? 
    where
        id=?
Hibernate: 
    select
        a1_0.id,
        a1_0.account_balance,
        a1_0.created_at,
        a1_0.gender,
        a1_0.number_account,
        a1_0.name,
        a1_0.surname,
        a1_0.user_id 
    from
        account a1_0
Hibernate: 
    select
        u1_0.id,
        u1_0.contact,
        u1_0.created_at,
        u1_0.email,
        u1_0.gender,
        u1_0.name,
        u1_0.password,
        u1_0.role,
        u1_0.surname 
    from
        users u1_0 
    where
        u1_0.id=?
Hibernate: 
    select
        u1_0.id,
        u1_0.contact,
        u1_0.created_at,
        u1_0.email,
        u1_0.gender,
        u1_0.name,
        u1_0.password,
        u1_0.role,
        u1_0.surname 
    from
        users u1_0 
    where
        u1_0.id=?
]]></system-out>
    <system-err><![CDATA[июн. 24, 2023 8:37:36 PM org.hibernate.Version logVersion
INFO: HHH000412: Hibernate ORM core version 6.2.1.Final
июн. 24, 2023 8:37:36 PM org.hibernate.cfg.Environment <clinit>
INFO: HHH000406: Using bytecode reflection optimizer
июн. 24, 2023 8:37:36 PM org.hibernate.engine.jdbc.connections.internal.DriverManagerConnectionProviderImpl configure
WARN: HHH10001002: Using built-in connection pool (not intended for production use)
июн. 24, 2023 8:37:36 PM org.hibernate.engine.jdbc.connections.internal.DriverManagerConnectionProviderImpl buildCreator
INFO: HHH10001005: Loaded JDBC driver class: org.h2.Driver
июн. 24, 2023 8:37:36 PM org.hibernate.engine.jdbc.connections.internal.DriverManagerConnectionProviderImpl buildCreator
INFO: HHH10001012: Connecting with JDBC URL [jdbc:h2:mem:test_mem:demo]
июн. 24, 2023 8:37:36 PM org.hibernate.engine.jdbc.connections.internal.DriverManagerConnectionProviderImpl buildCreator
INFO: HHH10001001: Connection properties: {password=****, user=}
июн. 24, 2023 8:37:36 PM org.hibernate.engine.jdbc.connections.internal.DriverManagerConnectionProviderImpl buildCreator
INFO: HHH10001003: Autocommit mode: false
июн. 24, 2023 8:37:36 PM org.hibernate.engine.jdbc.connections.internal.DriverManagerConnectionProviderImpl$PooledConnections <init>
INFO: HHH10001115: Connection pool size: 20 (min=1)
июн. 24, 2023 8:37:37 PM org.hibernate.engine.jdbc.dialect.internal.DialectFactoryImpl logSelectedDialect
INFO: HHH000400: Using dialect: org.hibernate.dialect.H2Dialect, version: 2.1.214
июн. 24, 2023 8:37:37 PM org.hibernate.bytecode.internal.BytecodeProviderInitiator buildBytecodeProvider
INFO: HHH000021: Bytecode provider name : bytebuddy
июн. 24, 2023 8:37:38 PM org.hibernate.metamodel.internal.MetadataContext registerAttribute
WARN: HHH015011: Unable to locate static metamodel field : by.boitman.database.entity.CreatableEntity_#created; this may or may not indicate a problem with the static metamodel
июн. 24, 2023 8:37:38 PM org.hibernate.engine.transaction.jta.platform.internal.JtaPlatformInitiator initiateService
INFO: HHH000490: Using JtaPlatform implementation: [org.hibernate.engine.transaction.jta.platform.internal.NoJtaPlatform]
июн. 24, 2023 8:37:38 PM org.hibernate.resource.transaction.backend.jdbc.internal.DdlTransactionIsolatorNonJtaImpl getIsolatedConnection
INFO: HHH10001501: Connection obtained from JdbcConnectionAccess [org.hibernate.engine.jdbc.env.internal.JdbcEnvironmentInitiator$ConnectionProviderJdbcConnectionAccess@630e5803] for (non-JTA) DDL execution was not in auto-commit mode; the Connection 'local transaction' will be committed and the Connection will be set into auto-commit mode.
июн. 24, 2023 8:37:38 PM org.hibernate.resource.transaction.backend.jdbc.internal.DdlTransactionIsolatorNonJtaImpl getIsolatedConnection
INFO: HHH10001501: Connection obtained from JdbcConnectionAccess [org.hibernate.engine.jdbc.env.internal.JdbcEnvironmentInitiator$ConnectionProviderJdbcConnectionAccess@4cc070c2] for (non-JTA) DDL execution was not in auto-commit mode; the Connection 'local transaction' will be committed and the Connection will be set into auto-commit mode.
июн. 24, 2023 8:37:38 PM org.hibernate.tool.schema.internal.exec.GenerationTargetToDatabase beforeScript
INFO: HHH000476: Executing script '[injected ScriptSourceInputNonExistentImpl script]'
]]></system-err>
  </testcase>
  <testcase name="whenFindAllByGenderInvoked_ThenAllTheAccountsOfGenderAreReturned" classname="by.boitman.database.dao.AccountDaoTest" time="0.019">
    <system-out><![CDATA[Hibernate: 
    select
        a1_0.id,
        a1_0.account_balance,
        a1_0.created_at,
        a1_0.gender,
        a1_0.number_account,
        a1_0.name,
        a1_0.surname,
        a1_0.user_id 
    from
        account a1_0 
    where
        a1_0.gender=?
Hibernate: 
    select
        u1_0.id,
        u1_0.contact,
        u1_0.created_at,
        u1_0.email,
        u1_0.gender,
        u1_0.name,
        u1_0.password,
        u1_0.role,
        u1_0.surname 
    from
        users u1_0 
    where
        u1_0.id=?
]]></system-out>
  </testcase>
  <testcase name="whenFindAllByUserInvoked_ThenAllTheAccountsOfUserAreReturned" classname="by.boitman.database.dao.AccountDaoTest" time="0.008">
    <system-out><![CDATA[Hibernate: 
    select
        a1_0.id,
        a1_0.account_balance,
        a1_0.created_at,
        a1_0.gender,
        a1_0.number_account,
        a1_0.name,
        a1_0.surname,
        a1_0.user_id 
    from
        account a1_0 
    join
        users u1_0 
            on u1_0.id=a1_0.user_id 
    where
        u1_0.name=?
Hibernate: 
    select
        u1_0.id,
        u1_0.contact,
        u1_0.created_at,
        u1_0.email,
        u1_0.gender,
        u1_0.name,
        u1_0.password,
        u1_0.role,
        u1_0.surname 
    from
        users u1_0 
    where
        u1_0.id=?
]]></system-out>
  </testcase>
  <testcase name="whenFindAllByFilterContainsUserAndBalanceInvoked_ThenAllTheFilteredByUserAndBalanceAccountAreReturned" classname="by.boitman.database.dao.AccountDaoTest" time="0.021">
    <system-out><![CDATA[Hibernate: 
    select
        a1_0.id,
        a1_0.account_balance,
        a1_0.created_at,
        a1_0.gender,
        a1_0.number_account,
        a1_0.name,
        a1_0.surname,
        a1_0.user_id 
    from
        account a1_0 
    join
        users u1_0 
            on u1_0.id=a1_0.user_id 
    where
        a1_0.account_balance<=? 
        and a1_0.name=? offset ? rows fetch first ? rows only
Hibernate: 
    select
        u1_0.id,
        u1_0.contact,
        u1_0.created_at,
        u1_0.email,
        u1_0.gender,
        u1_0.name,
        u1_0.password,
        u1_0.role,
        u1_0.surname 
    from
        users u1_0 
    where
        u1_0.id=?
]]></system-out>
  </testcase>
  <testcase name="whenFindById_ThenAllTheFilteredReturnsValidAccount" classname="by.boitman.database.dao.AccountDaoTest" time="0.007">
    <system-out><![CDATA[Hibernate: 
    select
        a1_0.id,
        a1_0.account_balance,
        a1_0.created_at,
        a1_0.gender,
        a1_0.number_account,
        a1_0.name,
        a1_0.surname,
        u1_0.id,
        u1_0.contact,
        u1_0.created_at,
        u1_0.email,
        u1_0.gender,
        u1_0.name,
        u1_0.password,
        u1_0.role,
        u1_0.surname 
    from
        account a1_0 
    left join
        users u1_0 
            on u1_0.id=a1_0.user_id 
    where
        a1_0.id=?
]]></system-out>
  </testcase>
  <testcase name="whenCreatedInvokedWithAccount_ThenAccountIsSaved" classname="by.boitman.database.dao.AccountDaoTest" time="0.009">
    <system-out><![CDATA[Hibernate: 
    insert 
    into
        account
        (account_balance,created_at,gender,number_account,name,surname,user_id,id) 
    values
        (?,?,?,?,?,?,?,default)
Hibernate: 
    insert 
    into
        card
        (account_id,card_balance,card_number,created_at,name,surname,id) 
    values
        (?,?,?,?,?,?,default)
Hibernate: 
    select
        a1_0.id,
        a1_0.account_balance,
        a1_0.created_at,
        a1_0.gender,
        a1_0.number_account,
        a1_0.name,
        a1_0.surname,
        a1_0.user_id 
    from
        account a1_0
Hibernate: 
    select
        u1_0.id,
        u1_0.contact,
        u1_0.created_at,
        u1_0.email,
        u1_0.gender,
        u1_0.name,
        u1_0.password,
        u1_0.role,
        u1_0.surname 
    from
        users u1_0 
    where
        u1_0.id=?
Hibernate: 
    select
        u1_0.id,
        u1_0.contact,
        u1_0.created_at,
        u1_0.email,
        u1_0.gender,
        u1_0.name,
        u1_0.password,
        u1_0.role,
        u1_0.surname 
    from
        users u1_0 
    where
        u1_0.id=?
Hibernate: 
    select
        c1_0.id,
        c1_0.account_id,
        c1_0.card_balance,
        c1_0.card_number,
        c1_0.created_at,
        c1_0.name,
        c1_0.surname 
    from
        card c1_0
]]></system-out>
  </testcase>
</testsuite>